2025-12-31 10:51:21,230 - INFO - --- 风控巡检开始 (支持多/空) ---
2025-12-31 10:51:22,394 - INFO - [MSFT] LONG | 当前:488.64 | 极值:488.68 | 止损线:464.25
2025-12-31 10:51:22,394 - INFO - [NVDA] LONG | 当前:187.20 | 极值:187.23 | 止损线:177.87
2025-12-31 11:00:08,403 - INFO - --- 风控巡检开始 (支持多/空) ---
2025-12-31 11:00:09,607 - INFO - 📈 [MSFT] 创出新高: 488.81
2025-12-31 11:00:09,607 - INFO - [MSFT] LONG | 当前:488.81 | 极值:488.81 | 止损线:464.37
2025-12-31 11:00:09,622 - INFO - [NVDA] LONG | 当前:187.22 | 极值:187.23 | 止损线:177.87
2025-12-31 11:05:07,595 - INFO - --- 风控巡检开始 (支持多/空) ---
2025-12-31 11:05:08,770 - INFO - [MSFT] LONG | 当前:488.80 | 极值:488.81 | 止损线:464.37
2025-12-31 11:05:08,771 - INFO - [NVDA] LONG | 当前:187.21 | 极值:187.23 | 止损线:177.87
2025-12-31 11:10:08,040 - INFO - --- 风控巡检开始 (支持多/空) ---
2025-12-31 11:10:09,326 - INFO - [MSFT] LONG | 当前:488.71 | 极值:488.81 | 止损线:464.37
2025-12-31 11:10:09,327 - INFO - [NVDA] LONG | 当前:187.15 | 极值:187.23 | 止损线:177.87
2026-01-01 01:30:10,408 - INFO - --- 风控巡检开始 (支持多/空) ---
2026-01-01 01:30:11,740 - INFO - [MSFT] LONG | 当前:487.58 | 极值:488.81 | 止损线:464.37
2026-01-01 01:30:11,803 - INFO - 📈 [NVDA] 创出新高: 189.40
2026-01-01 01:30:11,803 - INFO - [NVDA] LONG | 当前:189.40 | 极值:189.40 | 止损线:179.93
2026-01-01 01:35:10,545 - INFO - --- 风控巡检开始 (支持多/空) ---
2026-01-01 01:35:11,701 - INFO - [MSFT] LONG | 当前:487.01 | 极值:488.81 | 止损线:464.37
2026-01-01 01:35:11,717 - INFO - 📈 [NVDA] 创出新高: 190.26
2026-01-01 01:35:11,733 - INFO - [NVDA] LONG | 当前:190.26 | 极值:190.26 | 止损线:180.75
2026-01-01 01:40:10,649 - INFO - --- 风控巡检开始 (支持多/空) ---
2026-01-01 01:40:11,805 - INFO - [MSFT] LONG | 当前:486.24 | 极值:488.81 | 止损线:464.37
2026-01-01 01:40:11,821 - INFO - [NVDA] LONG | 当前:189.15 | 极值:190.26 | 止损线:180.75
2026-01-01 01:45:10,688 - INFO - --- 风控巡检开始 (支持多/空) ---
2026-01-01 01:45:11,891 - INFO - [MSFT] LONG | 当前:485.81 | 极值:488.81 | 止损线:464.37
2026-01-01 01:45:11,906 - INFO - [NVDA] LONG | 当前:188.93 | 极值:190.26 | 止损线:180.75
2026-01-01 01:50:10,673 - INFO - --- 风控巡检开始 (支持多/空) ---
2026-01-01 01:50:11,861 - INFO - [MSFT] LONG | 当前:485.82 | 极值:488.81 | 止损线:464.37
2026-01-01 01:50:11,877 - INFO - [NVDA] LONG | 当前:188.53 | 极值:190.26 | 止损线:180.75
2026-01-01 01:55:10,678 - INFO - --- 风控巡检开始 (支持多/空) ---
2026-01-01 01:55:11,848 - INFO - [MSFT] LONG | 当前:486.57 | 极值:488.81 | 止损线:464.37
2026-01-01 01:55:11,863 - INFO - [NVDA] LONG | 当前:188.60 | 极值:190.26 | 止损线:180.75
2026-01-01 02:00:10,662 - INFO - --- 风控巡检开始 (支持多/空) ---
2026-01-01 02:00:11,833 - INFO - [MSFT] LONG | 当前:485.95 | 极值:488.81 | 止损线:464.37
2026-01-01 02:00:11,849 - INFO - [NVDA] LONG | 当前:188.64 | 极值:190.26 | 止损线:180.75
2026-01-01 02:05:11,919 - INFO - --- 风控巡检开始 (支持多/空) ---
2026-01-01 02:05:13,071 - INFO - [MSFT] LONG | 当前:485.92 | 极值:488.81 | 止损线:464.37
2026-01-01 02:05:13,071 - INFO - [NVDA] LONG | 当前:188.76 | 极值:190.26 | 止损线:180.75
2026-01-01 02:10:10,520 - INFO - --- 风控巡检开始 (支持多/空) ---
2026-01-01 02:10:11,692 - INFO - [MSFT] LONG | 当前:485.78 | 极值:488.81 | 止损线:464.37
2026-01-01 02:10:11,708 - INFO - [NVDA] LONG | 当前:188.90 | 极值:190.26 | 止损线:180.75
2026-01-01 02:15:10,544 - INFO - --- 风控巡检开始 (支持多/空) ---
2026-01-01 02:15:11,717 - INFO - [MSFT] LONG | 当前:485.90 | 极值:488.81 | 止损线:464.37
2026-01-01 02:15:11,732 - INFO - [NVDA] LONG | 当前:188.74 | 极值:190.26 | 止损线:180.75
2026-01-01 02:20:10,584 - INFO - --- 风控巡检开始 (支持多/空) ---
2026-01-01 02:20:11,803 - INFO - [MSFT] LONG | 当前:485.61 | 极值:488.81 | 止损线:464.37
2026-01-01 02:20:11,818 - INFO - [NVDA] LONG | 当前:188.50 | 极值:190.26 | 止损线:180.75
2026-01-01 02:25:10,612 - INFO - --- 风控巡检开始 (支持多/空) ---
2026-01-01 02:25:11,799 - INFO - [MSFT] LONG | 当前:485.82 | 极值:488.81 | 止损线:464.37
2026-01-01 02:25:11,807 - INFO - [NVDA] LONG | 当前:188.71 | 极值:190.26 | 止损线:180.75
2026-01-01 02:30:10,736 - INFO - --- 风控巡检开始 (支持多/空) ---
2026-01-01 02:30:11,907 - INFO - [MSFT] LONG | 当前:485.65 | 极值:488.81 | 止损线:464.37
2026-01-01 02:30:11,923 - INFO - [NVDA] LONG | 当前:189.09 | 极值:190.26 | 止损线:180.75
2026-01-01 02:35:10,701 - INFO - --- 风控巡检开始 (支持多/空) ---
2026-01-01 02:35:11,902 - INFO - [MSFT] LONG | 当前:485.19 | 极值:488.81 | 止损线:464.37
2026-01-01 02:35:11,902 - INFO - [NVDA] LONG | 当前:188.89 | 极值:190.26 | 止损线:180.75
2026-01-01 02:40:10,592 - INFO - --- 风控巡检开始 (支持多/空) ---
2026-01-01 02:40:11,754 - INFO - [MSFT] LONG | 当前:484.99 | 极值:488.81 | 止损线:464.37
2026-01-01 02:40:11,770 - INFO - [NVDA] LONG | 当前:188.91 | 极值:190.26 | 止损线:180.75
2026-01-01 02:45:10,437 - INFO - --- 风控巡检开始 (支持多/空) ---
2026-01-01 02:45:11,624 - INFO - [MSFT] LONG | 当前:485.25 | 极值:488.81 | 止损线:464.37
2026-01-01 02:45:11,640 - INFO - [NVDA] LONG | 当前:188.75 | 极值:190.26 | 止损线:180.75
2026-01-01 02:50:10,452 - INFO - --- 风控巡检开始 (支持多/空) ---
2026-01-01 02:50:11,624 - INFO - [MSFT] LONG | 当前:485.16 | 极值:488.81 | 止损线:464.37
2026-01-01 02:50:11,640 - INFO - [NVDA] LONG | 当前:188.69 | 极值:190.26 | 止损线:180.75
2026-01-01 02:55:10,579 - INFO - --- 风控巡检开始 (支持多/空) ---
2026-01-01 02:55:11,892 - INFO - [MSFT] LONG | 当前:484.85 | 极值:488.81 | 止损线:464.37
2026-01-01 02:55:11,907 - INFO - [NVDA] LONG | 当前:188.59 | 极值:190.26 | 止损线:180.75
2026-01-01 03:00:10,557 - INFO - --- 风控巡检开始 (支持多/空) ---
2026-01-01 03:00:11,723 - INFO - [MSFT] LONG | 当前:484.69 | 极值:488.81 | 止损线:464.37
2026-01-01 03:00:11,738 - INFO - [NVDA] LONG | 当前:188.35 | 极值:190.26 | 止损线:180.75
2026-01-01 03:05:11,622 - INFO - --- 风控巡检开始 (支持多/空) ---
2026-01-01 03:05:12,804 - INFO - [MSFT] LONG | 当前:484.97 | 极值:488.81 | 止损线:464.37
2026-01-01 03:05:12,820 - INFO - [NVDA] LONG | 当前:188.51 | 极值:190.26 | 止损线:180.75
2026-01-01 03:10:10,792 - INFO - --- 风控巡检开始 (支持多/空) ---
2026-01-01 03:10:11,953 - INFO - [MSFT] LONG | 当前:484.73 | 极值:488.81 | 止损线:464.37
2026-01-01 03:10:11,969 - INFO - [NVDA] LONG | 当前:188.37 | 极值:190.26 | 止损线:180.75
2026-01-01 03:15:10,563 - INFO - --- 风控巡检开始 (支持多/空) ---
2026-01-01 03:15:11,735 - INFO - [MSFT] LONG | 当前:484.45 | 极值:488.81 | 止损线:464.37
2026-01-01 03:15:11,751 - INFO - [NVDA] LONG | 当前:188.42 | 极值:190.26 | 止损线:180.75
2026-01-01 03:20:10,707 - INFO - --- 风控巡检开始 (支持多/空) ---
2026-01-01 03:20:11,871 - INFO - [MSFT] LONG | 当前:484.81 | 极值:488.81 | 止损线:464.37
2026-01-01 03:20:11,886 - INFO - [NVDA] LONG | 当前:188.69 | 极值:190.26 | 止损线:180.75
2026-01-01 03:25:10,771 - INFO - --- 风控巡检开始 (支持多/空) ---
2026-01-01 03:25:11,993 - INFO - [MSFT] LONG | 当前:484.77 | 极值:488.81 | 止损线:464.37
2026-01-01 03:25:12,009 - INFO - [NVDA] LONG | 当前:188.60 | 极值:190.26 | 止损线:180.75
2026-01-01 03:30:10,655 - INFO - --- 风控巡检开始 (支持多/空) ---
2026-01-01 03:30:11,811 - INFO - [MSFT] LONG | 当前:485.20 | 极值:488.81 | 止损线:464.37
2026-01-01 03:30:11,827 - INFO - [NVDA] LONG | 当前:188.89 | 极值:190.26 | 止损线:180.75
2026-01-01 03:35:10,754 - INFO - --- 风控巡检开始 (支持多/空) ---
2026-01-01 03:35:11,942 - INFO - [MSFT] LONG | 当前:484.93 | 极值:488.81 | 止损线:464.37
2026-01-01 03:35:11,942 - INFO - [NVDA] LONG | 当前:188.77 | 极值:190.26 | 止损线:180.75
2026-01-01 03:40:10,787 - INFO - --- 风控巡检开始 (支持多/空) ---
2026-01-01 03:40:11,980 - INFO - [MSFT] LONG | 当前:485.22 | 极值:488.81 | 止损线:464.37
2026-01-01 03:40:11,980 - INFO - [NVDA] LONG | 当前:188.93 | 极值:190.26 | 止损线:180.75
2026-01-01 03:45:10,580 - INFO - --- 风控巡检开始 (支持多/空) ---
2026-01-01 03:45:11,749 - INFO - [MSFT] LONG | 当前:485.17 | 极值:488.81 | 止损线:464.37
2026-01-01 03:45:11,765 - INFO - [NVDA] LONG | 当前:188.87 | 极值:190.26 | 止损线:180.75
2026-01-01 03:50:11,242 - INFO - --- 风控巡检开始 (支持多/空) ---
2026-01-01 03:50:12,477 - INFO - [MSFT] LONG | 当前:485.33 | 极值:488.81 | 止损线:464.37
2026-01-01 03:50:12,602 - INFO - [NVDA] LONG | 当前:188.89 | 极值:190.26 | 止损线:180.75
2026-01-01 03:55:11,781 - INFO - --- 风控巡检开始 (支持多/空) ---
2026-01-01 03:55:13,011 - INFO - [MSFT] LONG | 当前:485.83 | 极值:488.81 | 止损线:464.37
2026-01-01 03:55:13,782 - INFO - [NVDA] LONG | 当前:188.97 | 极值:190.26 | 止损线:180.75
2026-01-01 04:00:11,145 - INFO - --- 风控巡检开始 (支持多/空) ---
2026-01-01 04:00:12,335 - INFO - [MSFT] LONG | 当前:485.69 | 极值:488.81 | 止损线:464.37
2026-01-01 04:00:12,382 - INFO - [NVDA] LONG | 当前:189.01 | 极值:190.26 | 止损线:180.75
2026-01-01 04:05:11,186 - INFO - --- 风控巡检开始 (支持多/空) ---
2026-01-01 04:05:12,483 - INFO - [MSFT] LONG | 当前:485.78 | 极值:488.81 | 止损线:464.37
2026-01-01 04:05:12,499 - INFO - [NVDA] LONG | 当前:189.09 | 极值:190.26 | 止损线:180.75
2026-01-01 04:10:13,428 - INFO - --- 风控巡检开始 (支持多/空) ---
2026-01-01 04:10:14,630 - INFO - [MSFT] LONG | 当前:485.34 | 极值:488.81 | 止损线:464.37
2026-01-01 04:10:14,709 - INFO - [NVDA] LONG | 当前:188.84 | 极值:190.26 | 止损线:180.75
2026-01-01 04:15:10,935 - INFO - --- 风控巡检开始 (支持多/空) ---
2026-01-01 04:15:12,094 - INFO - [MSFT] LONG | 当前:485.30 | 极值:488.81 | 止损线:464.37
2026-01-01 04:15:12,110 - INFO - [NVDA] LONG | 当前:188.93 | 极值:190.26 | 止损线:180.75
2026-01-01 04:20:10,708 - INFO - --- 风控巡检开始 (支持多/空) ---
2026-01-01 04:20:11,862 - INFO - [MSFT] LONG | 当前:485.24 | 极值:488.81 | 止损线:464.37
2026-01-01 04:20:11,878 - INFO - [NVDA] LONG | 当前:188.91 | 极值:190.26 | 止损线:180.75
2026-01-01 04:25:10,700 - INFO - --- 风控巡检开始 (支持多/空) ---
2026-01-01 04:25:11,872 - INFO - [MSFT] LONG | 当前:485.00 | 极值:488.81 | 止损线:464.37
2026-01-01 04:25:11,888 - INFO - [NVDA] LONG | 当前:188.82 | 极值:190.26 | 止损线:180.75
2026-01-01 04:30:10,606 - INFO - --- 风控巡检开始 (支持多/空) ---
2026-01-01 04:30:11,783 - INFO - [MSFT] LONG | 当前:485.05 | 极值:488.81 | 止损线:464.37
2026-01-01 04:30:11,799 - INFO - [NVDA] LONG | 当前:188.91 | 极值:190.26 | 止损线:180.75
2026-01-01 04:35:10,498 - INFO - --- 风控巡检开始 (支持多/空) ---
2026-01-01 04:35:11,670 - INFO - [MSFT] LONG | 当前:485.27 | 极值:488.81 | 止损线:464.37
2026-01-01 04:35:11,686 - INFO - [NVDA] LONG | 当前:188.90 | 极值:190.26 | 止损线:180.75
2026-01-01 04:40:10,773 - INFO - --- 风控巡检开始 (支持多/空) ---
2026-01-01 04:40:11,944 - INFO - [MSFT] LONG | 当前:485.51 | 极值:488.81 | 止损线:464.37
2026-01-01 04:40:11,960 - INFO - [NVDA] LONG | 当前:188.96 | 极值:190.26 | 止损线:180.75
2026-01-01 04:45:10,687 - INFO - --- 风控巡检开始 (支持多/空) ---
2026-01-01 04:45:11,846 - INFO - [MSFT] LONG | 当前:485.73 | 极值:488.81 | 止损线:464.37
2026-01-01 04:45:11,861 - INFO - [NVDA] LONG | 当前:188.90 | 极值:190.26 | 止损线:180.75
2026-01-01 04:50:10,714 - INFO - --- 风控巡检开始 (支持多/空) ---
2026-01-01 04:50:11,882 - INFO - [MSFT] LONG | 当前:485.43 | 极值:488.81 | 止损线:464.37
2026-01-01 04:50:11,898 - INFO - [NVDA] LONG | 当前:188.51 | 极值:190.26 | 止损线:180.75
2026-01-01 04:55:10,767 - INFO - --- 风控巡检开始 (支持多/空) ---
2026-01-01 04:55:11,942 - INFO - [MSFT] LONG | 当前:485.62 | 极值:488.81 | 止损线:464.37
2026-01-01 04:55:11,957 - INFO - [NVDA] LONG | 当前:188.71 | 极值:190.26 | 止损线:180.75
2026-01-01 05:00:10,782 - INFO - --- 风控巡检开始 (支持多/空) ---
2026-01-01 05:00:11,981 - INFO - [MSFT] LONG | 当前:485.53 | 极值:488.81 | 止损线:464.37
2026-01-01 05:00:11,997 - INFO - [NVDA] LONG | 当前:188.73 | 极值:190.26 | 止损线:180.75
2026-01-01 05:05:12,394 - INFO - --- 风控巡检开始 (支持多/空) ---
2026-01-01 05:05:13,612 - INFO - [MSFT] LONG | 当前:485.70 | 极值:488.81 | 止损线:464.37
2026-01-01 05:05:13,675 - INFO - [NVDA] LONG | 当前:188.83 | 极值:190.26 | 止损线:180.75
2026-01-01 05:10:12,030 - INFO - --- 风控巡检开始 (支持多/空) ---
2026-01-01 05:10:13,215 - INFO - [MSFT] LONG | 当前:485.70 | 极值:488.81 | 止损线:464.37
2026-01-01 05:10:13,293 - INFO - [NVDA] LONG | 当前:188.89 | 极值:190.26 | 止损线:180.75
2026-01-01 05:15:11,238 - INFO - --- 风控巡检开始 (支持多/空) ---
2026-01-01 05:15:12,442 - INFO - [MSFT] LONG | 当前:485.79 | 极值:488.81 | 止损线:464.37
2026-01-01 05:15:12,457 - INFO - [NVDA] LONG | 当前:188.87 | 极值:190.26 | 止损线:180.75
2026-01-01 05:20:10,670 - INFO - --- 风控巡检开始 (支持多/空) ---
2026-01-01 05:20:11,810 - INFO - [MSFT] LONG | 当前:485.57 | 极值:488.81 | 止损线:464.37
2026-01-01 05:20:11,826 - INFO - [NVDA] LONG | 当前:188.83 | 极值:190.26 | 止损线:180.75
2026-01-01 05:25:10,621 - INFO - --- 风控巡检开始 (支持多/空) ---
2026-01-01 05:25:11,807 - INFO - [MSFT] LONG | 当前:485.62 | 极值:488.81 | 止损线:464.37
2026-01-01 05:25:11,807 - INFO - [NVDA] LONG | 当前:188.75 | 极值:190.26 | 止损线:180.75
2026-01-01 05:30:10,750 - INFO - --- 风控巡检开始 (支持多/空) ---
2026-01-01 05:30:11,925 - INFO - [MSFT] LONG | 当前:485.89 | 极值:488.81 | 止损线:464.37
2026-01-01 05:30:11,941 - INFO - [NVDA] LONG | 当前:188.96 | 极值:190.26 | 止损线:180.75
2026-01-01 05:35:10,762 - INFO - --- 风控巡检开始 (支持多/空) ---
2026-01-01 05:35:11,946 - INFO - [MSFT] LONG | 当前:486.04 | 极值:488.81 | 止损线:464.37
2026-01-01 05:35:11,961 - INFO - [NVDA] LONG | 当前:188.79 | 极值:190.26 | 止损线:180.75
2026-01-01 05:40:10,786 - INFO - --- 风控巡检开始 (支持多/空) ---
2026-01-01 05:40:11,944 - INFO - [MSFT] LONG | 当前:486.06 | 极值:488.81 | 止损线:464.37
2026-01-01 05:40:11,960 - INFO - [NVDA] LONG | 当前:188.87 | 极值:190.26 | 止损线:180.75
2026-01-01 05:45:10,699 - INFO - --- 风控巡检开始 (支持多/空) ---
2026-01-01 05:45:11,870 - INFO - [MSFT] LONG | 当前:486.13 | 极值:488.81 | 止损线:464.37
2026-01-01 05:45:11,886 - INFO - [NVDA] LONG | 当前:189.02 | 极值:190.26 | 止损线:180.75
2026-01-01 05:50:10,692 - INFO - --- 风控巡检开始 (支持多/空) ---
2026-01-01 05:50:11,866 - INFO - [MSFT] LONG | 当前:486.13 | 极值:488.81 | 止损线:464.37
2026-01-01 05:50:11,879 - INFO - [NVDA] LONG | 当前:188.84 | 极值:190.26 | 止损线:180.75
2026-01-01 05:55:10,780 - INFO - --- 风控巡检开始 (支持多/空) ---
2026-01-01 05:55:11,936 - INFO - [MSFT] LONG | 当前:486.24 | 极值:488.81 | 止损线:464.37
2026-01-01 05:55:11,952 - INFO - [NVDA] LONG | 当前:188.87 | 极值:190.26 | 止损线:180.75
2026-01-01 06:00:10,823 - INFO - --- 风控巡检开始 (支持多/空) ---
2026-01-01 06:00:11,992 - INFO - [MSFT] LONG | 当前:486.36 | 极值:488.81 | 止损线:464.37
2026-01-01 06:00:12,007 - INFO - [NVDA] LONG | 当前:188.73 | 极值:190.26 | 止损线:180.75
2026-01-01 06:05:11,892 - INFO - --- 风控巡检开始 (支持多/空) ---
2026-01-01 06:05:13,112 - INFO - [MSFT] LONG | 当前:486.54 | 极值:488.81 | 止损线:464.37
2026-01-01 06:05:13,158 - INFO - [NVDA] LONG | 当前:188.78 | 极值:190.26 | 止损线:180.75
2026-01-01 06:10:11,644 - INFO - --- 风控巡检开始 (支持多/空) ---
2026-01-01 06:10:12,823 - INFO - [MSFT] LONG | 当前:486.60 | 极值:488.81 | 止损线:464.37
2026-01-01 06:10:12,854 - INFO - [NVDA] LONG | 当前:188.56 | 极值:190.26 | 止损线:180.75
2026-01-01 06:15:12,295 - INFO - --- 风控巡检开始 (支持多/空) ---
2026-01-01 06:15:13,489 - INFO - [MSFT] LONG | 当前:486.37 | 极值:488.81 | 止损线:464.37
2026-01-01 06:15:13,551 - INFO - [NVDA] LONG | 当前:188.59 | 极值:190.26 | 止损线:180.75
2026-01-01 06:20:10,998 - INFO - --- 风控巡检开始 (支持多/空) ---
2026-01-01 06:20:12,137 - INFO - [MSFT] LONG | 当前:486.06 | 极值:488.81 | 止损线:464.37
2026-01-01 06:20:12,154 - INFO - [NVDA] LONG | 当前:188.19 | 极值:190.26 | 止损线:180.75
2026-01-01 06:25:10,913 - INFO - --- 风控巡检开始 (支持多/空) ---
2026-01-01 06:25:12,114 - INFO - [MSFT] LONG | 当前:486.00 | 极值:488.81 | 止损线:464.37
2026-01-01 06:25:12,131 - INFO - [NVDA] LONG | 当前:188.13 | 极值:190.26 | 止损线:180.75
2026-01-01 06:30:10,860 - INFO - --- 风控巡检开始 (支持多/空) ---
2026-01-01 06:30:12,051 - INFO - [MSFT] LONG | 当前:485.80 | 极值:488.81 | 止损线:464.37
2026-01-01 06:30:12,051 - INFO - [NVDA] LONG | 当前:188.08 | 极值:190.26 | 止损线:180.75
2026-01-01 06:35:10,807 - INFO - --- 风控巡检开始 (支持多/空) ---
2026-01-01 06:35:11,979 - INFO - [MSFT] LONG | 当前:485.13 | 极值:488.81 | 止损线:464.37
2026-01-01 06:35:11,995 - INFO - [NVDA] LONG | 当前:187.43 | 极值:190.26 | 止损线:180.75
2026-01-01 06:40:10,816 - INFO - --- 风控巡检开始 (支持多/空) ---
2026-01-01 06:40:12,019 - INFO - [MSFT] LONG | 当前:485.46 | 极值:488.81 | 止损线:464.37
2026-01-01 06:40:12,019 - INFO - [NVDA] LONG | 当前:187.63 | 极值:190.26 | 止损线:180.75
2026-01-01 06:45:10,733 - INFO - --- 风控巡检开始 (支持多/空) ---
2026-01-01 06:45:11,891 - INFO - [MSFT] LONG | 当前:485.43 | 极值:488.81 | 止损线:464.37
2026-01-01 06:45:11,907 - INFO - [NVDA] LONG | 当前:187.68 | 极值:190.26 | 止损线:180.75
2026-01-01 06:50:10,684 - INFO - --- 风控巡检开始 (支持多/空) ---
2026-01-01 06:50:11,851 - INFO - [MSFT] LONG | 当前:485.39 | 极值:488.81 | 止损线:464.37
2026-01-01 06:50:11,864 - INFO - [NVDA] LONG | 当前:187.70 | 极值:190.26 | 止损线:180.75
2026-01-01 06:55:11,061 - INFO - --- 风控巡检开始 (支持多/空) ---
2026-01-01 06:55:12,235 - INFO - [MSFT] LONG | 当前:485.15 | 极值:488.81 | 止损线:464.37
2026-01-01 06:55:12,298 - INFO - [NVDA] LONG | 当前:187.74 | 极值:190.26 | 止损线:180.75
2026-01-01 07:00:11,011 - INFO - --- 风控巡检开始 (支持多/空) ---
2026-01-01 07:00:12,214 - INFO - [MSFT] LONG | 当前:485.01 | 极值:488.81 | 止损线:464.37
2026-01-01 07:00:12,261 - INFO - [NVDA] LONG | 当前:187.75 | 极值:190.26 | 止损线:180.75
2026-01-01 07:05:12,458 - INFO - --- 风控巡检开始 (支持多/空) ---
2026-01-01 07:05:13,660 - INFO - [MSFT] LONG | 当前:484.74 | 极值:488.81 | 止损线:464.37
2026-01-01 07:05:13,739 - INFO - [NVDA] LONG | 当前:187.68 | 极值:190.26 | 止损线:180.75
2026-01-01 07:10:11,186 - INFO - --- 风控巡检开始 (支持多/空) ---
2026-01-01 07:10:12,343 - INFO - [MSFT] LONG | 当前:484.27 | 极值:488.81 | 止损线:464.37
2026-01-01 07:10:12,358 - INFO - [NVDA] LONG | 当前:187.48 | 极值:190.26 | 止损线:180.75
2026-01-01 07:15:12,039 - INFO - --- 风控巡检开始 (支持多/空) ---
2026-01-01 07:15:13,336 - INFO - [MSFT] LONG | 当前:484.07 | 极值:488.81 | 止损线:464.37
2026-01-01 07:15:13,399 - INFO - [NVDA] LONG | 当前:187.45 | 极值:190.26 | 止损线:180.75
2026-01-01 07:20:12,048 - INFO - --- 风控巡检开始 (支持多/空) ---
2026-01-01 07:20:13,252 - INFO - [MSFT] LONG | 当前:484.13 | 极值:488.81 | 止损线:464.37
2026-01-01 07:20:13,267 - INFO - [NVDA] LONG | 当前:187.51 | 极值:190.26 | 止损线:180.75
2026-01-01 07:25:10,698 - INFO - --- 风控巡检开始 (支持多/空) ---
2026-01-01 07:25:11,841 - INFO - [MSFT] LONG | 当前:483.81 | 极值:488.81 | 止损线:464.37
2026-01-01 07:25:11,856 - INFO - [NVDA] LONG | 当前:187.34 | 极值:190.26 | 止损线:180.75
2026-01-01 07:30:10,766 - INFO - --- 风控巡检开始 (支持多/空) ---
2026-01-01 07:30:11,926 - INFO - [MSFT] LONG | 当前:483.35 | 极值:488.81 | 止损线:464.37
2026-01-01 07:30:11,942 - INFO - [NVDA] LONG | 当前:187.10 | 极值:190.26 | 止损线:180.75
2026-01-01 07:35:10,764 - INFO - --- 风控巡检开始 (支持多/空) ---
2026-01-01 07:35:11,953 - INFO - [MSFT] LONG | 当前:484.17 | 极值:488.81 | 止损线:464.37
2026-01-01 07:35:11,953 - INFO - [NVDA] LONG | 当前:187.34 | 极值:190.26 | 止损线:180.75
2026-01-01 07:40:10,867 - INFO - --- 风控巡检开始 (支持多/空) ---
2026-01-01 07:40:12,056 - INFO - [MSFT] LONG | 当前:483.80 | 极值:488.81 | 止损线:464.37
2026-01-01 07:40:12,056 - INFO - [NVDA] LONG | 当前:187.31 | 极值:190.26 | 止损线:180.75
2026-01-01 07:45:10,507 - INFO - --- 风控巡检开始 (支持多/空) ---
2026-01-01 07:45:11,683 - INFO - [MSFT] LONG | 当前:483.99 | 极值:488.81 | 止损线:464.37
2026-01-01 07:45:11,699 - INFO - [NVDA] LONG | 当前:187.40 | 极值:190.26 | 止损线:180.75
2026-01-01 07:50:10,988 - INFO - --- 风控巡检开始 (支持多/空) ---
2026-01-01 07:50:12,168 - INFO - [MSFT] LONG | 当前:483.54 | 极值:488.81 | 止损线:464.37
2026-01-01 07:50:12,215 - INFO - [NVDA] LONG | 当前:187.15 | 极值:190.26 | 止损线:180.75
2026-01-01 07:55:11,128 - INFO - --- 风控巡检开始 (支持多/空) ---
2026-01-01 07:55:12,318 - INFO - [MSFT] LONG | 当前:483.92 | 极值:488.81 | 止损线:464.37
2026-01-01 07:55:12,380 - INFO - [NVDA] LONG | 当前:186.82 | 极值:190.26 | 止损线:180.75
2026-01-01 08:00:11,035 - INFO - --- 风控巡检开始 (支持多/空) ---
2026-01-01 08:00:12,218 - INFO - [MSFT] LONG | 当前:483.62 | 极值:488.81 | 止损线:464.37
2026-01-01 08:00:12,250 - INFO - [NVDA] LONG | 当前:186.58 | 极值:190.26 | 止损线:180.75
2026-01-01 08:05:12,478 - INFO - --- 风控巡检开始 (支持多/空) ---
2026-01-01 08:05:13,680 - INFO - [MSFT] LONG | 当前:483.65 | 极值:488.81 | 止损线:464.37
2026-01-01 08:05:13,731 - INFO - [NVDA] LONG | 当前:186.66 | 极值:190.26 | 止损线:180.75
2026-01-01 08:10:10,980 - INFO - --- 风控巡检开始 (支持多/空) ---
2026-01-01 08:10:12,125 - INFO - [MSFT] LONG | 当前:483.59 | 极值:488.81 | 止损线:464.37
2026-01-01 08:10:12,142 - INFO - [NVDA] LONG | 当前:186.35 | 极值:190.26 | 止损线:180.75
2026-01-01 08:15:11,967 - INFO - --- 风控巡检开始 (支持多/空) ---
2026-01-01 08:15:13,169 - INFO - [MSFT] LONG | 当前:483.59 | 极值:488.81 | 止损线:464.37
2026-01-01 08:15:13,231 - INFO - [NVDA] LONG | 当前:186.53 | 极值:190.26 | 止损线:180.75
2026-01-01 08:20:11,568 - INFO - --- 风控巡检开始 (支持多/空) ---
2026-01-01 08:20:12,770 - INFO - [MSFT] LONG | 当前:483.54 | 极值:488.81 | 止损线:464.37
2026-01-01 08:20:12,833 - INFO - [NVDA] LONG | 当前:186.44 | 极值:190.26 | 止损线:180.75
2026-01-01 08:25:12,121 - INFO - --- 风控巡检开始 (支持多/空) ---
2026-01-01 08:25:13,344 - INFO - [MSFT] LONG | 当前:483.20 | 极值:488.81 | 止损线:464.37
2026-01-01 08:25:13,359 - INFO - [NVDA] LONG | 当前:186.27 | 极值:190.26 | 止损线:180.75
2026-01-01 08:30:10,683 - INFO - --- 风控巡检开始 (支持多/空) ---
2026-01-01 08:30:11,914 - INFO - [MSFT] LONG | 当前:483.34 | 极值:488.81 | 止损线:464.37
2026-01-01 08:30:11,914 - INFO - [NVDA] LONG | 当前:186.36 | 极值:190.26 | 止损线:180.75
2026-01-03 01:31:08,504 - INFO - --- 风控巡检开始 (支持多/空) ---
2026-01-03 01:31:09,952 - INFO - [MSFT] LONG | 当前:483.69 | 极值:488.81 | 止损线:464.37
2026-01-03 01:31:10,114 - INFO - [NVDA] LONG | 当前:190.02 | 极值:190.26 | 止损线:180.75
2026-01-03 01:35:27,637 - INFO - --- 风控巡检开始 (支持多/空) ---
2026-01-03 01:35:28,940 - INFO - [MSFT] LONG | 当前:483.17 | 极值:488.81 | 止损线:464.37
2026-01-03 01:35:28,956 - INFO - 📈 [NVDA] 创出新高: 191.00
2026-01-03 01:35:28,971 - INFO - [NVDA] LONG | 当前:191.00 | 极值:191.00 | 止损线:181.45
2026-01-03 01:40:13,505 - INFO - --- 风控巡检开始 (支持多/空) ---
2026-01-03 01:40:14,693 - INFO - [MSFT] LONG | 当前:482.00 | 极值:488.81 | 止损线:464.37
2026-01-03 01:40:14,708 - INFO - [NVDA] LONG | 当前:190.75 | 极值:191.00 | 止损线:181.45
2026-01-03 01:45:10,501 - INFO - --- 风控巡检开始 (支持多/空) ---
2026-01-03 01:45:11,690 - INFO - [MSFT] LONG | 当前:480.11 | 极值:488.81 | 止损线:464.37
2026-01-03 01:45:11,705 - INFO - 📈 [NVDA] 创出新高: 191.77
2026-01-03 01:45:11,705 - INFO - [NVDA] LONG | 当前:191.77 | 极值:191.77 | 止损线:182.18
2026-01-03 01:50:10,371 - INFO - --- 风控巡检开始 (支持多/空) ---
2026-01-03 01:50:11,589 - INFO - [MSFT] LONG | 当前:480.46 | 极值:488.81 | 止损线:464.37
2026-01-03 01:50:11,620 - INFO - 📈 [NVDA] 创出新高: 192.57
2026-01-03 01:50:11,636 - INFO - [NVDA] LONG | 当前:192.57 | 极值:192.57 | 止损线:182.94
2026-01-03 01:55:10,397 - INFO - --- 风控巡检开始 (支持多/空) ---
2026-01-03 01:55:11,593 - INFO - [MSFT] LONG | 当前:480.25 | 极值:488.81 | 止损线:464.37
2026-01-03 01:55:11,609 - INFO - [NVDA] LONG | 当前:192.38 | 极值:192.57 | 止损线:182.94
2026-01-03 02:00:11,006 - INFO - --- 风控巡检开始 (支持多/空) ---
2026-01-03 02:00:12,410 - INFO - [MSFT] LONG | 当前:480.61 | 极值:488.81 | 止损线:464.37
2026-01-03 02:00:12,457 - INFO - [NVDA] LONG | 当前:191.86 | 极值:192.57 | 止损线:182.94
2026-01-03 02:05:41,246 - INFO - --- 风控巡检开始 (支持多/空) ---
2026-01-03 02:05:43,219 - INFO - [MSFT] LONG | 当前:478.71 | 极值:488.81 | 止损线:464.37
2026-01-03 02:05:43,313 - INFO - [NVDA] LONG | 当前:191.88 | 极值:192.57 | 止损线:182.94
2026-01-03 02:10:27,260 - INFO - --- 风控巡检开始 (支持多/空) ---
2026-01-03 02:10:28,470 - INFO - [MSFT] LONG | 当前:477.79 | 极值:488.81 | 止损线:464.37
2026-01-03 02:10:28,516 - INFO - [NVDA] LONG | 当前:191.55 | 极值:192.57 | 止损线:182.94
2026-01-03 02:15:10,539 - INFO - --- 风控巡检开始 (支持多/空) ---
2026-01-03 02:15:11,948 - INFO - [MSFT] LONG | 当前:476.35 | 极值:488.81 | 止损线:464.37
2026-01-03 02:15:11,964 - INFO - [NVDA] LONG | 当前:190.97 | 极值:192.57 | 止损线:182.94
2026-01-03 02:20:10,523 - INFO - --- 风控巡检开始 (支持多/空) ---
2026-01-03 02:20:11,693 - INFO - [MSFT] LONG | 当前:476.06 | 极值:488.81 | 止损线:464.37
2026-01-03 02:20:11,693 - INFO - [NVDA] LONG | 当前:190.81 | 极值:192.57 | 止损线:182.94
2026-01-03 02:25:11,036 - INFO - --- 风控巡检开始 (支持多/空) ---
2026-01-03 02:25:12,668 - INFO - [MSFT] LONG | 当前:475.39 | 极值:488.81 | 止损线:464.37
2026-01-03 02:25:12,731 - INFO - [NVDA] LONG | 当前:189.92 | 极值:192.57 | 止损线:182.94
2026-01-03 02:30:23,950 - INFO - --- 风控巡检开始 (支持多/空) ---
2026-01-03 02:30:25,336 - INFO - [MSFT] LONG | 当前:475.10 | 极值:488.81 | 止损线:464.37
2026-01-03 02:30:25,414 - INFO - [NVDA] LONG | 当前:190.39 | 极值:192.57 | 止损线:182.94
2026-01-03 02:35:41,140 - INFO - --- 风控巡检开始 (支持多/空) ---
2026-01-03 02:35:42,581 - INFO - [MSFT] LONG | 当前:475.67 | 极值:488.81 | 止损线:464.37
2026-01-03 02:35:42,645 - INFO - [NVDA] LONG | 当前:191.01 | 极值:192.57 | 止损线:182.94
2026-01-03 02:40:26,515 - INFO - --- 风控巡检开始 (支持多/空) ---
2026-01-03 02:40:27,739 - INFO - [MSFT] LONG | 当前:475.98 | 极值:488.81 | 止损线:464.37
2026-01-03 02:40:27,786 - INFO - [NVDA] LONG | 当前:191.50 | 极值:192.57 | 止损线:182.94
2026-01-03 02:45:12,021 - INFO - --- 风控巡检开始 (支持多/空) ---
2026-01-03 02:45:13,253 - INFO - [MSFT] LONG | 当前:476.60 | 极值:488.81 | 止损线:464.37
2026-01-03 02:45:13,284 - INFO - [NVDA] LONG | 当前:191.56 | 极值:192.57 | 止损线:182.94
2026-01-03 02:50:12,138 - INFO - --- 风控巡检开始 (支持多/空) ---
2026-01-03 02:50:13,329 - INFO - [MSFT] LONG | 当前:475.50 | 极值:488.81 | 止损线:464.37
2026-01-03 02:50:13,345 - INFO - [NVDA] LONG | 当前:190.97 | 极值:192.57 | 止损线:182.94
2026-01-03 02:55:10,273 - INFO - --- 风控巡检开始 (支持多/空) ---
2026-01-03 02:55:11,446 - INFO - [MSFT] LONG | 当前:475.05 | 极值:488.81 | 止损线:464.37
2026-01-03 02:55:11,461 - INFO - [NVDA] LONG | 当前:190.11 | 极值:192.57 | 止损线:182.94
2026-01-03 03:00:10,736 - INFO - --- 风控巡检开始 (支持多/空) ---
2026-01-03 03:00:12,154 - INFO - [MSFT] LONG | 当前:473.65 | 极值:488.81 | 止损线:464.37
2026-01-03 03:00:12,201 - INFO - [NVDA] LONG | 当前:188.79 | 极值:192.57 | 止损线:182.94
2026-01-03 03:05:17,437 - INFO - --- 风控巡检开始 (支持多/空) ---
2026-01-03 03:05:18,618 - INFO - [MSFT] LONG | 当前:473.00 | 极值:488.81 | 止损线:464.37
2026-01-03 03:05:18,633 - INFO - [NVDA] LONG | 当前:188.74 | 极值:192.57 | 止损线:182.94
2026-01-03 03:10:30,109 - INFO - --- 风控巡检开始 (支持多/空) ---
2026-01-03 03:10:31,551 - INFO - [MSFT] LONG | 当前:473.53 | 极值:488.81 | 止损线:464.37
2026-01-03 03:10:31,598 - INFO - [NVDA] LONG | 当前:189.12 | 极值:192.57 | 止损线:182.94
2026-01-03 03:15:26,971 - INFO - --- 风控巡检开始 (支持多/空) ---
2026-01-03 03:15:28,340 - INFO - [MSFT] LONG | 当前:473.43 | 极值:488.81 | 止损线:464.37
2026-01-03 03:15:28,402 - INFO - [NVDA] LONG | 当前:189.47 | 极值:192.57 | 止损线:182.94
2026-01-03 03:20:26,232 - INFO - --- 风控巡检开始 (支持多/空) ---
2026-01-03 03:20:27,829 - INFO - [MSFT] LONG | 当前:472.65 | 极值:488.81 | 止损线:464.37
2026-01-03 03:20:27,876 - INFO - [NVDA] LONG | 当前:189.02 | 极值:192.57 | 止损线:182.94
2026-01-03 03:25:18,865 - INFO - --- 风控巡检开始 (支持多/空) ---
2026-01-03 03:25:20,256 - INFO - [MSFT] LONG | 当前:473.36 | 极值:488.81 | 止损线:464.37
2026-01-03 03:25:20,318 - INFO - [NVDA] LONG | 当前:189.41 | 极值:192.57 | 止损线:182.94
2026-01-03 03:30:30,516 - INFO - --- 风控巡检开始 (支持多/空) ---
2026-01-03 03:30:32,142 - INFO - [MSFT] LONG | 当前:473.12 | 极值:488.81 | 止损线:464.37
2026-01-03 03:30:32,267 - INFO - [NVDA] LONG | 当前:189.70 | 极值:192.57 | 止损线:182.94
2026-01-03 03:35:26,688 - INFO - --- 风控巡检开始 (支持多/空) ---
2026-01-03 03:35:28,219 - INFO - [MSFT] LONG | 当前:473.56 | 极值:488.81 | 止损线:464.37
2026-01-03 03:35:28,282 - INFO - [NVDA] LONG | 当前:189.82 | 极值:192.57 | 止损线:182.94
2026-01-03 03:40:31,348 - INFO - --- 风控巡检开始 (支持多/空) ---
2026-01-03 03:40:32,887 - INFO - [MSFT] LONG | 当前:473.30 | 极值:488.81 | 止损线:464.37
2026-01-03 03:40:32,963 - INFO - [NVDA] LONG | 当前:189.84 | 极值:192.57 | 止损线:182.94
2026-01-03 03:45:27,927 - INFO - --- 风控巡检开始 (支持多/空) ---
2026-01-03 03:45:29,304 - INFO - [MSFT] LONG | 当前:473.31 | 极值:488.81 | 止损线:464.37
2026-01-03 03:45:29,351 - INFO - [NVDA] LONG | 当前:189.66 | 极值:192.57 | 止损线:182.94
2026-01-03 03:50:26,423 - INFO - --- 风控巡检开始 (支持多/空) ---
2026-01-03 03:50:27,880 - INFO - [MSFT] LONG | 当前:473.73 | 极值:488.81 | 止损线:464.37
2026-01-03 03:50:27,942 - INFO - [NVDA] LONG | 当前:189.49 | 极值:192.57 | 止损线:182.94
2026-01-03 03:55:23,403 - INFO - --- 风控巡检开始 (支持多/空) ---
2026-01-03 03:55:24,801 - INFO - [MSFT] LONG | 当前:473.32 | 极值:488.81 | 止损线:464.37
2026-01-03 03:55:24,852 - INFO - [NVDA] LONG | 当前:189.35 | 极值:192.57 | 止损线:182.94
2026-01-03 04:00:29,154 - INFO - --- 风控巡检开始 (支持多/空) ---
2026-01-03 04:00:30,541 - INFO - [MSFT] LONG | 当前:473.08 | 极值:488.81 | 止损线:464.37
2026-01-03 04:00:30,604 - INFO - [NVDA] LONG | 当前:189.33 | 极值:192.57 | 止损线:182.94
2026-01-03 04:05:27,119 - INFO - --- 风控巡检开始 (支持多/空) ---
2026-01-03 04:05:28,499 - INFO - [MSFT] LONG | 当前:473.13 | 极值:488.81 | 止损线:464.37
2026-01-03 04:05:28,562 - INFO - [NVDA] LONG | 当前:189.39 | 极值:192.57 | 止损线:182.94
2026-01-03 04:10:18,610 - INFO - --- 风控巡检开始 (支持多/空) ---
2026-01-03 04:10:20,035 - INFO - [MSFT] LONG | 当前:473.33 | 极值:488.81 | 止损线:464.37
2026-01-03 04:10:20,066 - INFO - [NVDA] LONG | 当前:189.30 | 极值:192.57 | 止损线:182.94
2026-01-03 04:15:22,485 - INFO - --- 风控巡检开始 (支持多/空) ---
2026-01-03 04:15:23,916 - INFO - [MSFT] LONG | 当前:473.54 | 极值:488.81 | 止损线:464.37
2026-01-03 04:15:23,978 - INFO - [NVDA] LONG | 当前:189.60 | 极值:192.57 | 止损线:182.94
2026-01-03 04:20:24,123 - INFO - --- 风控巡检开始 (支持多/空) ---
2026-01-03 04:20:25,538 - INFO - [MSFT] LONG | 当前:473.13 | 极值:488.81 | 止损线:464.37
2026-01-03 04:20:25,584 - INFO - [NVDA] LONG | 当前:189.48 | 极值:192.57 | 止损线:182.94
2026-01-03 04:25:20,923 - INFO - --- 风控巡检开始 (支持多/空) ---
2026-01-03 04:25:22,369 - INFO - [MSFT] LONG | 当前:473.51 | 极值:488.81 | 止损线:464.37
2026-01-03 04:25:22,432 - INFO - [NVDA] LONG | 当前:189.34 | 极值:192.57 | 止损线:182.94
2026-01-03 04:32:09,996 - INFO - --- 风控巡检开始 (支持多/空) ---
2026-01-03 04:32:12,035 - INFO - [MSFT] LONG | 当前:473.67 | 极值:488.81 | 止损线:464.37
2026-01-03 04:32:12,238 - INFO - [NVDA] LONG | 当前:189.71 | 极值:192.57 | 止损线:182.94
2026-01-03 04:36:04,642 - INFO - --- 风控巡检开始 (支持多/空) ---
2026-01-03 04:36:06,033 - INFO - [MSFT] LONG | 当前:473.38 | 极值:488.81 | 止损线:464.37
2026-01-03 04:36:06,080 - INFO - [NVDA] LONG | 当前:189.58 | 极值:192.57 | 止损线:182.94
2026-01-03 04:40:29,392 - INFO - --- 风控巡检开始 (支持多/空) ---
2026-01-03 04:40:30,655 - INFO - [MSFT] LONG | 当前:473.19 | 极值:488.81 | 止损线:464.37
2026-01-03 04:40:30,655 - INFO - [NVDA] LONG | 当前:189.75 | 极值:192.57 | 止损线:182.94
2026-01-03 04:45:12,846 - INFO - --- 风控巡检开始 (支持多/空) ---
2026-01-03 04:45:14,257 - INFO - [MSFT] LONG | 当前:472.82 | 极值:488.81 | 止损线:464.37
2026-01-03 04:45:14,304 - INFO - [NVDA] LONG | 当前:189.83 | 极值:192.57 | 止损线:182.94
2026-01-03 04:50:17,971 - INFO - --- 风控巡检开始 (支持多/空) ---
2026-01-03 04:50:19,350 - INFO - [MSFT] LONG | 当前:472.49 | 极值:488.81 | 止损线:464.37
2026-01-03 04:50:19,365 - INFO - [NVDA] LONG | 当前:189.52 | 极值:192.57 | 止损线:182.94
2026-01-03 04:55:10,327 - INFO - --- 风控巡检开始 (支持多/空) ---
2026-01-03 04:55:11,559 - INFO - [MSFT] LONG | 当前:472.46 | 极值:488.81 | 止损线:464.37
2026-01-03 04:55:11,574 - INFO - [NVDA] LONG | 当前:189.66 | 极值:192.57 | 止损线:182.94
2026-01-03 05:00:10,317 - INFO - --- 风控巡检开始 (支持多/空) ---
2026-01-03 05:00:11,488 - INFO - [MSFT] LONG | 当前:472.29 | 极值:488.81 | 止损线:464.37
2026-01-03 05:00:11,503 - INFO - [NVDA] LONG | 当前:189.47 | 极值:192.57 | 止损线:182.94
2026-01-03 05:05:10,315 - INFO - --- 风控巡检开始 (支持多/空) ---
2026-01-03 05:05:11,492 - INFO - [MSFT] LONG | 当前:472.59 | 极值:488.81 | 止损线:464.37
2026-01-03 05:05:11,492 - INFO - [NVDA] LONG | 当前:189.61 | 极值:192.57 | 止损线:182.94
2026-01-03 05:10:10,418 - INFO - --- 风控巡检开始 (支持多/空) ---
2026-01-03 05:10:11,612 - INFO - [MSFT] LONG | 当前:472.40 | 极值:488.81 | 止损线:464.37
2026-01-03 05:10:11,612 - INFO - [NVDA] LONG | 当前:189.42 | 极值:192.57 | 止损线:182.94
2026-01-03 05:15:10,947 - INFO - --- 风控巡检开始 (支持多/空) ---
2026-01-03 05:15:12,376 - INFO - [MSFT] LONG | 当前:471.92 | 极值:488.81 | 止损线:464.37
2026-01-03 05:15:12,424 - INFO - [NVDA] LONG | 当前:189.23 | 极值:192.57 | 止损线:182.94
2026-01-03 05:20:27,268 - INFO - --- 风控巡检开始 (支持多/空) ---
2026-01-03 05:20:28,642 - INFO - [MSFT] LONG | 当前:472.32 | 极值:488.81 | 止损线:464.37
2026-01-03 05:20:28,689 - INFO - [NVDA] LONG | 当前:189.53 | 极值:192.57 | 止损线:182.94
2026-01-03 05:25:27,694 - INFO - --- 风控巡检开始 (支持多/空) ---
2026-01-03 05:25:29,089 - INFO - [MSFT] LONG | 当前:472.07 | 极值:488.81 | 止损线:464.37
2026-01-03 05:25:29,136 - INFO - [NVDA] LONG | 当前:189.46 | 极值:192.57 | 止损线:182.94
2026-01-03 05:30:28,157 - INFO - --- 风控巡检开始 (支持多/空) ---
2026-01-03 05:30:29,620 - INFO - [MSFT] LONG | 当前:471.88 | 极值:488.81 | 止损线:464.37
2026-01-03 05:30:29,679 - INFO - [NVDA] LONG | 当前:189.34 | 极值:192.57 | 止损线:182.94
2026-01-03 05:35:33,432 - INFO - --- 风控巡检开始 (支持多/空) ---
2026-01-03 05:35:35,037 - INFO - [MSFT] LONG | 当前:471.51 | 极值:488.81 | 止损线:464.37
2026-01-03 05:35:35,084 - INFO - [NVDA] LONG | 当前:189.36 | 极值:192.57 | 止损线:182.94
2026-01-03 05:40:27,113 - INFO - --- 风控巡检开始 (支持多/空) ---
2026-01-03 05:40:28,512 - INFO - [MSFT] LONG | 当前:471.39 | 极值:488.81 | 止损线:464.37
2026-01-03 05:40:28,574 - INFO - [NVDA] LONG | 当前:189.41 | 极值:192.57 | 止损线:182.94
2026-01-03 05:45:33,095 - INFO - --- 风控巡检开始 (支持多/空) ---
2026-01-03 05:45:34,533 - INFO - [MSFT] LONG | 当前:471.41 | 极值:488.81 | 止损线:464.37
2026-01-03 05:45:34,580 - INFO - [NVDA] LONG | 当前:189.54 | 极值:192.57 | 止损线:182.94
2026-01-03 05:50:26,356 - INFO - --- 风控巡检开始 (支持多/空) ---
2026-01-03 05:50:27,541 - INFO - [MSFT] LONG | 当前:470.50 | 极值:488.81 | 止损线:464.37
2026-01-03 05:50:27,541 - INFO - [NVDA] LONG | 当前:189.01 | 极值:192.57 | 止损线:182.94
2026-01-03 05:55:10,978 - INFO - --- 风控巡检开始 (支持多/空) ---
2026-01-03 05:55:12,349 - INFO - [MSFT] LONG | 当前:470.56 | 极值:488.81 | 止损线:464.37
2026-01-03 05:55:12,380 - INFO - [NVDA] LONG | 当前:188.75 | 极值:192.57 | 止损线:182.94
2026-01-03 06:00:12,561 - INFO - --- 风控巡检开始 (支持多/空) ---
2026-01-03 06:00:13,986 - INFO - [MSFT] LONG | 当前:470.49 | 极值:488.81 | 止损线:464.37
2026-01-03 06:00:14,023 - INFO - [NVDA] LONG | 当前:188.58 | 极值:192.57 | 止损线:182.94
2026-01-03 06:05:12,137 - INFO - --- 风控巡检开始 (支持多/空) ---
2026-01-03 06:05:13,374 - INFO - [MSFT] LONG | 当前:471.07 | 极值:488.81 | 止损线:464.37
2026-01-03 06:05:13,374 - INFO - [NVDA] LONG | 当前:189.14 | 极值:192.57 | 止损线:182.94
2026-01-03 06:10:11,457 - INFO - --- 风控巡检开始 (支持多/空) ---
2026-01-03 06:10:12,887 - INFO - [MSFT] LONG | 当前:471.72 | 极值:488.81 | 止损线:464.37
2026-01-03 06:10:12,950 - INFO - [NVDA] LONG | 当前:189.09 | 极值:192.57 | 止损线:182.94
2026-01-03 06:15:24,871 - INFO - --- 风控巡检开始 (支持多/空) ---
2026-01-03 06:15:26,147 - INFO - [MSFT] LONG | 当前:471.80 | 极值:488.81 | 止损线:464.37
2026-01-03 06:15:26,179 - INFO - [NVDA] LONG | 当前:189.21 | 极值:192.57 | 止损线:182.94
2026-01-03 06:20:29,071 - INFO - --- 风控巡检开始 (支持多/空) ---
2026-01-03 06:20:30,550 - INFO - [MSFT] LONG | 当前:471.83 | 极值:488.81 | 止损线:464.37
2026-01-03 06:20:30,644 - INFO - [NVDA] LONG | 当前:188.88 | 极值:192.57 | 止损线:182.94
2026-01-03 06:25:27,499 - INFO - --- 风控巡检开始 (支持多/空) ---
2026-01-03 06:25:28,943 - INFO - [MSFT] LONG | 当前:472.72 | 极值:488.81 | 止损线:464.37
2026-01-03 06:25:29,006 - INFO - [NVDA] LONG | 当前:189.30 | 极值:192.57 | 止损线:182.94
2026-01-03 06:30:28,151 - INFO - --- 风控巡检开始 (支持多/空) ---
2026-01-03 06:30:29,583 - INFO - [MSFT] LONG | 当前:472.71 | 极值:488.81 | 止损线:464.37
2026-01-03 06:30:29,636 - INFO - [NVDA] LONG | 当前:189.30 | 极值:192.57 | 止损线:182.94
2026-01-03 06:35:30,578 - INFO - --- 风控巡检开始 (支持多/空) ---
2026-01-03 06:35:32,017 - INFO - [MSFT] LONG | 当前:472.69 | 极值:488.81 | 止损线:464.37
2026-01-03 06:35:32,064 - INFO - [NVDA] LONG | 当前:189.40 | 极值:192.57 | 止损线:182.94
2026-01-03 06:40:27,972 - INFO - --- 风控巡检开始 (支持多/空) ---
2026-01-03 06:40:29,349 - INFO - [MSFT] LONG | 当前:472.90 | 极值:488.81 | 止损线:464.37
2026-01-03 06:40:29,399 - INFO - [NVDA] LONG | 当前:189.54 | 极值:192.57 | 止损线:182.94
2026-01-03 06:45:29,490 - INFO - --- 风控巡检开始 (支持多/空) ---
2026-01-03 06:45:30,925 - INFO - [MSFT] LONG | 当前:472.56 | 极值:488.81 | 止损线:464.37
2026-01-03 06:45:30,972 - INFO - [NVDA] LONG | 当前:189.34 | 极值:192.57 | 止损线:182.94
2026-01-03 06:50:29,726 - INFO - --- 风控巡检开始 (支持多/空) ---
2026-01-03 06:50:31,221 - INFO - [MSFT] LONG | 当前:472.25 | 极值:488.81 | 止损线:464.37
2026-01-03 06:50:31,268 - INFO - [NVDA] LONG | 当前:189.09 | 极值:192.57 | 止损线:182.94
2026-01-03 06:55:26,634 - INFO - --- 风控巡检开始 (支持多/空) ---
2026-01-03 06:55:28,006 - INFO - [MSFT] LONG | 当前:472.19 | 极值:488.81 | 止损线:464.37
2026-01-03 06:55:28,052 - INFO - [NVDA] LONG | 当前:188.88 | 极值:192.57 | 止损线:182.94
2026-01-03 07:00:27,319 - INFO - --- 风控巡检开始 (支持多/空) ---
2026-01-03 07:00:28,746 - INFO - [MSFT] LONG | 当前:471.86 | 极值:488.81 | 止损线:464.37
2026-01-03 07:00:28,796 - INFO - [NVDA] LONG | 当前:188.66 | 极值:192.57 | 止损线:182.94
2026-01-03 07:05:26,482 - INFO - --- 风控巡检开始 (支持多/空) ---
2026-01-03 07:05:27,895 - INFO - [MSFT] LONG | 当前:472.10 | 极值:488.81 | 止损线:464.37
2026-01-03 07:05:27,942 - INFO - [NVDA] LONG | 当前:188.66 | 极值:192.57 | 止损线:182.94
2026-01-03 07:10:27,206 - INFO - --- 风控巡检开始 (支持多/空) ---
2026-01-03 07:10:28,643 - INFO - [MSFT] LONG | 当前:472.21 | 极值:488.81 | 止损线:464.37
2026-01-03 07:10:28,693 - INFO - [NVDA] LONG | 当前:188.78 | 极值:192.57 | 止损线:182.94
2026-01-03 07:15:27,372 - INFO - --- 风控巡检开始 (支持多/空) ---
2026-01-03 07:15:28,789 - INFO - [MSFT] LONG | 当前:472.06 | 极值:488.81 | 止损线:464.37
2026-01-03 07:15:28,852 - INFO - [NVDA] LONG | 当前:188.82 | 极值:192.57 | 止损线:182.94
2026-01-03 07:20:26,820 - INFO - --- 风控巡检开始 (支持多/空) ---
2026-01-03 07:20:28,249 - INFO - [MSFT] LONG | 当前:472.50 | 极值:488.81 | 止损线:464.37
2026-01-03 07:20:28,312 - INFO - [NVDA] LONG | 当前:189.20 | 极值:192.57 | 止损线:182.94
2026-01-03 07:25:27,217 - INFO - --- 风控巡检开始 (支持多/空) ---
2026-01-03 07:25:28,646 - INFO - [MSFT] LONG | 当前:472.26 | 极值:488.81 | 止损线:464.37
2026-01-03 07:25:28,709 - INFO - [NVDA] LONG | 当前:189.06 | 极值:192.57 | 止损线:182.94
2026-01-03 07:30:27,614 - INFO - --- 风控巡检开始 (支持多/空) ---
2026-01-03 07:30:29,023 - INFO - [MSFT] LONG | 当前:472.57 | 极值:488.81 | 止损线:464.37
2026-01-03 07:30:29,085 - INFO - [NVDA] LONG | 当前:189.00 | 极值:192.57 | 止损线:182.94
2026-01-03 07:35:30,421 - INFO - --- 风控巡检开始 (支持多/空) ---
2026-01-03 07:35:31,880 - INFO - [MSFT] LONG | 当前:472.68 | 极值:488.81 | 止损线:464.37
2026-01-03 07:35:31,927 - INFO - [NVDA] LONG | 当前:188.83 | 极值:192.57 | 止损线:182.94
2026-01-03 07:40:29,918 - INFO - --- 风控巡检开始 (支持多/空) ---
2026-01-03 07:40:31,299 - INFO - [MSFT] LONG | 当前:472.25 | 极值:488.81 | 止损线:464.37
2026-01-03 07:40:31,362 - INFO - [NVDA] LONG | 当前:188.79 | 极值:192.57 | 止损线:182.94
2026-01-03 07:45:28,746 - INFO - --- 风控巡检开始 (支持多/空) ---
2026-01-03 07:45:30,182 - INFO - [MSFT] LONG | 当前:471.60 | 极值:488.81 | 止损线:464.37
2026-01-03 07:45:30,244 - INFO - [NVDA] LONG | 当前:188.77 | 极值:192.57 | 止损线:182.94
2026-01-03 07:50:27,405 - INFO - --- 风控巡检开始 (支持多/空) ---
2026-01-03 07:50:28,631 - INFO - [MSFT] LONG | 当前:471.80 | 极值:488.81 | 止损线:464.37
2026-01-03 07:50:28,678 - INFO - [NVDA] LONG | 当前:188.78 | 极值:192.57 | 止损线:182.94
2026-01-03 07:55:22,480 - INFO - --- 风控巡检开始 (支持多/空) ---
2026-01-03 07:55:23,917 - INFO - [MSFT] LONG | 当前:472.30 | 极值:488.81 | 止损线:464.37
2026-01-03 07:55:23,980 - INFO - [NVDA] LONG | 当前:188.60 | 极值:192.57 | 止损线:182.94
2026-01-03 08:00:27,115 - INFO - --- 风控巡检开始 (支持多/空) ---
2026-01-03 08:00:28,729 - INFO - [MSFT] LONG | 当前:472.50 | 极值:488.81 | 止损线:464.37
2026-01-03 08:00:28,792 - INFO - [NVDA] LONG | 当前:188.88 | 极值:192.57 | 止损线:182.94
2026-01-03 08:05:26,468 - INFO - --- 风控巡检开始 (支持多/空) ---
2026-01-03 08:05:27,874 - INFO - [MSFT] LONG | 当前:472.66 | 极值:488.81 | 止损线:464.37
2026-01-03 08:05:27,923 - INFO - [NVDA] LONG | 当前:188.45 | 极值:192.57 | 止损线:182.94
2026-01-03 08:10:22,148 - INFO - --- 风控巡检开始 (支持多/空) ---
2026-01-03 08:10:23,570 - INFO - [MSFT] LONG | 当前:472.82 | 极值:488.81 | 止损线:464.37
2026-01-03 08:10:23,633 - INFO - [NVDA] LONG | 当前:188.92 | 极值:192.57 | 止损线:182.94
2026-01-03 08:15:22,512 - INFO - --- 风控巡检开始 (支持多/空) ---
2026-01-03 08:15:23,932 - INFO - [MSFT] LONG | 当前:472.73 | 极值:488.81 | 止损线:464.37
2026-01-03 08:15:23,979 - INFO - [NVDA] LONG | 当前:188.89 | 极值:192.57 | 止损线:182.94
2026-01-03 08:20:27,789 - INFO - --- 风控巡检开始 (支持多/空) ---
2026-01-03 08:20:29,194 - INFO - [MSFT] LONG | 当前:472.78 | 极值:488.81 | 止损线:464.37
2026-01-03 08:20:29,257 - INFO - [NVDA] LONG | 当前:188.84 | 极值:192.57 | 止损线:182.94
2026-01-03 08:25:27,206 - INFO - --- 风控巡检开始 (支持多/空) ---
2026-01-03 08:25:28,670 - INFO - [MSFT] LONG | 当前:472.74 | 极值:488.81 | 止损线:464.37
2026-01-03 08:25:28,712 - INFO - [NVDA] LONG | 当前:188.69 | 极值:192.57 | 止损线:182.94
2026-01-03 08:30:18,626 - INFO - --- 风控巡检开始 (支持多/空) ---
2026-01-03 08:30:20,011 - INFO - [MSFT] LONG | 当前:472.94 | 极值:488.81 | 止损线:464.37
2026-01-03 08:30:20,074 - INFO - [NVDA] LONG | 当前:188.75 | 极值:192.57 | 止损线:182.94
